<?xml version="1.0" encoding="UTF-8"?>
<!-- Generated by org.testng.reporters.JUnitReportReporter -->
<testsuite hostname="Firoz-Desk" failures="0" tests="2" name="tests.TestNGExtentReportIntegration" time="18.739" errors="0" timestamp="2024-05-03T00:28:55 IST" skipped="0">
  <testcase classname="tests.TestNGExtentReportIntegration" name="test2" time="7.072"/>
  <testcase classname="tests.TestNGExtentReportIntegration" name="test1" time="11.667"/>
</testsuite> <!-- tests.TestNGExtentReportIntegration -->
