<?xml version="1.0" encoding="UTF-8"?>
<!-- Generated by org.testng.reporters.JUnitReportReporter -->
<testsuite hostname="Firoz-Desk" failures="0" tests="1" name="com.afk.ExpectedTitleEqualsActualTitle" time="11.609" errors="0" timestamp="2024-05-06T13:42:02 IST" skipped="0">
  <testcase classname="com.afk.ExpectedTitleEqualsActualTitle" name="ExpectedTitleEqualsActualTitle" time="11.609"/>
</testsuite> <!-- com.afk.ExpectedTitleEqualsActualTitle -->
