<?xml version="1.0" encoding="UTF-8"?>
<!-- Generated by org.testng.reporters.JUnitReportReporter -->
<testsuite hostname="Firoz-Desk" failures="0" tests="1" name="testing.TestNGTest01" time="80.350" errors="0" timestamp="2024-05-01T23:49:37 IST" skipped="0">
  <testcase classname="testing.TestNGTest01" name="verifyPageTitle" time="80.350"/>
</testsuite> <!-- testing.TestNGTest01 -->
