<?xml version="1.0" encoding="UTF-8"?>
<!-- Generated by org.testng.reporters.JUnitReportReporter -->
<testsuite hostname="Firoz-Desk" failures="0" tests="1" name="TestNGExtentReportIntegration" time="13.339" errors="0" timestamp="2024-05-03T00:13:21 IST" skipped="0">
  <testcase classname="TestNGExtentReportIntegration" name="test1" time="13.339"/>
</testsuite> <!-- TestNGExtentReportIntegration -->
