<?xml version="1.0" encoding="UTF-8"?>
<!-- Generated by org.testng.reporters.JUnitReportReporter -->
<testsuite hostname="Firoz-Desk" failures="0" tests="1" name="com.afk.WebSiteLoginTest" time="10.452" errors="0" timestamp="2024-05-06T13:52:47 IST" skipped="0">
  <testcase classname="com.afk.WebSiteLoginTest" name="LogonTest" time="10.452"/>
</testsuite> <!-- com.afk.WebSiteLoginTest -->
